Running: C:\Xilinx\14.7\ISE_DS\ISE\bin\nt64\unwrapped\fuse.exe -intstyle ise -incremental -lib secureip -o C:/Users/ladyo/Documents/Xilinx/exam1_working1/exam1_isim_beh.exe -prj C:/Users/ladyo/Documents/Xilinx/exam1_working1/exam1_beh.prj work.exam1 
ISim P.20131013 (signature 0x7708f090)
Number of CPUs detected in this system: 4
Turning on mult-threading, number of parallel sub-compilation jobs: 8 
Determining compilation order of HDL files
Parsing VHDL file "C:/Users/ladyo/Documents/Xilinx/exam1_working1/ipcore_dir/dualPort_RAM.vhd" into library work
Parsing VHDL file "C:/Users/ladyo/Documents/Xilinx/exam1_working1/exam1.vhd" into library work
Starting static elaboration
Completed static elaboration
Compiling package standard
Compiling package std_logic_1164
Compiling package std_logic_arith
Compiling package std_logic_unsigned
Compiling package std_logic_signed
Compiling package textio
Compiling package std_logic_textio
Compiling architecture output_stage_behavioral of entity BLK_MEM_GEN_V7_3_output_stage [\BLK_MEM_GEN_V7_3_output_stage("...]
Compiling architecture output_stage_behavioral of entity BLK_MEM_GEN_V7_3_output_stage [\BLK_MEM_GEN_V7_3_output_stage("...]
Compiling architecture softecc_output_reg_stage_behavioral of entity BLK_MEM_GEN_V7_3_softecc_output_reg_stage [\BLK_MEM_GEN_V7_3_softecc_output...]
Compiling architecture mem_module_behavioral of entity BLK_MEM_GEN_V7_3_mem_module [\BLK_MEM_GEN_V7_3_mem_module("bl...]
Compiling architecture behavioral of entity BLK_MEM_GEN_V7_3 [\BLK_MEM_GEN_V7_3("blk_mem_gen_v...]
Compiling architecture dualport_ram_a of entity dualPort_RAM [dualport_ram_default]
Compiling architecture behavioral of entity exam1
Time Resolution for simulation is 1ps.
Waiting for 1 sub-compilation(s) to finish...
Compiled 20 VHDL Units
Built simulation executable C:/Users/ladyo/Documents/Xilinx/exam1_working1/exam1_isim_beh.exe
Fuse Memory Usage: 42352 KB
Fuse CPU Usage: 2078 ms
