Release 14.7 - xst P.20131013 (nt64)
Copyright (c) 1995-2013 Xilinx, Inc.  All rights reserved.
--> Parameter TMPDIR set to xst/projnav.tmp


Total REAL time to Xst completion: 0.00 secs
Total CPU time to Xst completion: 0.36 secs
 
--> Parameter xsthdpdir set to xst


Total REAL time to Xst completion: 0.00 secs
Total CPU time to Xst completion: 0.37 secs
 
--> Reading design: lucyExam.prj

TABLE OF CONTENTS
  1) Synthesis Options Summary
  2) HDL Parsing
  3) HDL Elaboration
  4) HDL Synthesis
       4.1) HDL Synthesis Report
  5) Advanced HDL Synthesis
       5.1) Advanced HDL Synthesis Report
  6) Low Level Synthesis
  7) Partition Report
  8) Design Summary
       8.1) Primitive and Black Box Usage
       8.2) Device utilization summary
       8.3) Partition Resource Summary
       8.4) Timing Report
            8.4.1) Clock Information
            8.4.2) Asynchronous Control Signals Information
            8.4.3) Timing Summary
            8.4.4) Timing Details
            8.4.5) Cross Clock Domains Report


=========================================================================
*                      Synthesis Options Summary                        *
=========================================================================
---- Source Parameters
Input File Name                    : "lucyExam.prj"
Ignore Synthesis Constraint File   : NO

---- Target Parameters
Output File Name                   : "lucyExam"
Output Format                      : NGC
Target Device                      : xc6slx9-3-tqg144

---- Source Options
Top Module Name                    : lucyExam
Automatic FSM Extraction           : YES
FSM Encoding Algorithm             : Auto
Safe Implementation                : No
FSM Style                          : LUT
RAM Extraction                     : Yes
RAM Style                          : Auto
ROM Extraction                     : Yes
Shift Register Extraction          : YES
ROM Style                          : Auto
Resource Sharing                   : YES
Asynchronous To Synchronous        : NO
Shift Register Minimum Size        : 2
Use DSP Block                      : Auto
Automatic Register Balancing       : No

---- Target Options
LUT Combining                      : Auto
Reduce Control Sets                : Auto
Add IO Buffers                     : YES
Global Maximum Fanout              : 100000
Add Generic Clock Buffer(BUFG)     : 16
Register Duplication               : YES
Optimize Instantiated Primitives   : NO
Use Clock Enable                   : Auto
Use Synchronous Set                : Auto
Use Synchronous Reset              : Auto
Pack IO Registers into IOBs        : Auto
Equivalent register Removal        : YES

---- General Options
Optimization Goal                  : Speed
Optimization Effort                : 1
Power Reduction                    : NO
Keep Hierarchy                     : No
Netlist Hierarchy                  : As_Optimized
RTL Output                         : Yes
Global Optimization                : AllClockNets
Read Cores                         : YES
Write Timing Constraints           : NO
Cross Clock Analysis               : NO
Hierarchy Separator                : /
Bus Delimiter                      : <>
Case Specifier                     : Maintain
Slice Utilization Ratio            : 100
BRAM Utilization Ratio             : 100
DSP48 Utilization Ratio            : 100
Auto BRAM Packing                  : NO
Slice Utilization Ratio Delta      : 5

---- Other Options
Cores Search Directories           : {"ipcore_dir"  }

=========================================================================


=========================================================================
*                          HDL Parsing                                  *
=========================================================================
Parsing VHDL file "C:\Users\ladyo\Documents\Xilinx\exam1\ipcore_dir\dualPort_RAM.vhd" into library work
Parsing entity <dualPort_RAM>.
Parsing architecture <dualPort_RAM_a> of entity <dualport_ram>.
Parsing VHDL file "C:\Users\ladyo\Documents\Xilinx\exam1\exam1.vhd" into library work
Parsing entity <lucyExam>.
Parsing architecture <Behavioral> of entity <lucyexam>.
ERROR:HDLCompiler:294 - "C:\Users\ladyo\Documents\Xilinx\exam1\exam1.vhd" Line 118: Cannot update 'in' object addra
ERROR:HDLCompiler:294 - "C:\Users\ladyo\Documents\Xilinx\exam1\exam1.vhd" Line 119: Cannot update 'in' object dina
ERROR:HDLCompiler:1731 - "C:\Users\ladyo\Documents\Xilinx\exam1\exam1.vhd" Line 117: found '0' definitions of operator "=", cannot determine exact overloaded matching definition for "="
ERROR:HDLCompiler:1731 - "C:\Users\ladyo\Documents\Xilinx\exam1\exam1.vhd" Line 131: found '0' definitions of operator "+", cannot determine exact overloaded matching definition for "+"
ERROR:HDLCompiler:1731 - "C:\Users\ladyo\Documents\Xilinx\exam1\exam1.vhd" Line 132: found '0' definitions of operator "+", cannot determine exact overloaded matching definition for "+"
ERROR:HDLCompiler:294 - "C:\Users\ladyo\Documents\Xilinx\exam1\exam1.vhd" Line 133: Cannot update 'in' object addrb
ERROR:HDLCompiler:541 - "C:\Users\ladyo\Documents\Xilinx\exam1\exam1.vhd" Line 133: Type std_logic is not an array type and cannot be indexed.
ERROR:HDLCompiler:294 - "C:\Users\ladyo\Documents\Xilinx\exam1\exam1.vhd" Line 146: Cannot update 'in' object rstb
ERROR:HDLCompiler:294 - "C:\Users\ladyo\Documents\Xilinx\exam1\exam1.vhd" Line 202: Cannot update 'in' object wea
ERROR:HDLCompiler:303 - "C:\Users\ladyo\Documents\Xilinx\exam1\exam1.vhd" Line 202: Character '1' is not in type std_logic_vector
ERROR:HDLCompiler:288 - "C:\Users\ladyo\Documents\Xilinx\exam1\exam1.vhd" Line 307: Cannot read from 'out' object doutb ; use 'buffer' or 'inout'
ERROR:HDLCompiler:288 - "C:\Users\ladyo\Documents\Xilinx\exam1\exam1.vhd" Line 308: Cannot read from 'out' object doutb ; use 'buffer' or 'inout'
ERROR:HDLCompiler:288 - "C:\Users\ladyo\Documents\Xilinx\exam1\exam1.vhd" Line 309: Cannot read from 'out' object doutb ; use 'buffer' or 'inout'
ERROR:HDLCompiler:854 - "C:\Users\ladyo\Documents\Xilinx\exam1\exam1.vhd" Line 37: Unit <behavioral> ignored due to previous errors.
VHDL file C:\Users\ladyo\Documents\Xilinx\exam1\exam1.vhd ignored due to errors
--> 

Total memory usage is 243980 kilobytes

Number of errors   :   14 (   0 filtered)
Number of warnings :    0 (   0 filtered)
Number of infos    :    0 (   0 filtered)

